<?xml version="1.0" encoding="UTF-8"?>
<!-- Generated by org.testng.reporters.JUnitXMLReporter -->
<testsuite ignored="0" hostname="Apples-MacBook-Pro.local" failures="0" tests="42" name="SSO" time="422.963" errors="0" timestamp="2021-03-19T14:27:39 ICT">
  <testcase classname="TestCase.SSO.RegisterAndLogin" name="VerifyRegisterWithInvalidInfor" time="1.41"/>
  <testcase classname="TestCase.SSO.RegisterAndLogin" name="VerifyRegisterWithInvalidInfor" time="0.502"/>
  <testcase classname="TestCase.SSO.RegisterAndLogin" name="VerifyRegisterWithInvalidInfor" time="0.607"/>
  <testcase classname="TestCase.SSO.RegisterAndLogin" name="VerifyRegisterWithInvalidInfor" time="0.615"/>
  <testcase classname="TestCase.SSO.RegisterAndLogin" name="VerifyRegisterWithInvalidInfor" time="0.096"/>
  <testcase classname="TestCase.SSO.RegisterAndLogin" name="VerifyRegisterWithInvalidInfor" time="0.093"/>
  <testcase classname="TestCase.SSO.RegisterAndLogin" name="VerifyRegisterWithInvalidInfor" time="0.083"/>
  <testcase classname="TestCase.SSO.RegisterAndLogin" name="VerifyRegisterWithInvalidInfor" time="0.109"/>
  <testcase classname="TestCase.SSO.RegisterAndLogin" name="VerifyRegisterWithInvalidInfor" time="0.297"/>
  <testcase classname="TestCase.SSO.RegisterAndLogin" name="VerifyRegisterSuccessful" time="0.584"/>
  <testcase classname="TestCase.SSO.RegisterAndLogin" name="VerifyLoginWithoutActiveEmail" time="0.318"/>
  <testcase classname="TestCase.SSO.RegisterAndLogin" name="VerifyConfirmEmailFail" time="0.103"/>
  <testcase classname="TestCase.SSO.RegisterAndLogin" name="VerifyConfirmEmailFail" time="0.088"/>
  <testcase classname="TestCase.SSO.RegisterAndLogin" name="VerifyConfirmSuccessful" time="0.117"/>
  <testcase classname="TestCase.SSO.RegisterAndLogin" name="VerifyLoginByEmailOrUsername" time="0.324"/>
  <testcase classname="TestCase.SSO.RegisterAndLogin" name="VerifyLoginByEmailOrUsername" time="0.321"/>
  <testcase classname="TestCase.SSO.RegisterAndLogin" name="VerifyLoginByInvalidAccount" time="0.087"/>
  <testcase classname="TestCase.SSO.RegisterAndLogin" name="VerifyLoginByInvalidAccount" time="0.306"/>
  <testcase classname="TestCase.SSO.RegisterAndLogin" name="VerifyLoginByInvalidAccount" time="0.292"/>
  <testcase classname="TestCase.SSO.RegisterAndLogin" name="VerifyLoginByInvalidAccount" time="0.082"/>
  <testcase classname="TestCase.SSO.RegisterAndLogin" name="VerifyLoginAfterConfirmEmail" time="0.352"/>
  <testcase classname="TestCase.SSO.TwoFAAuthen" name="Generate2FAWithoutToken" time="0.083"/>
  <testcase classname="TestCase.SSO.TwoFAAuthen" name="Generate2FASuccessful" time="2.808"/>
  <testcase classname="TestCase.SSO.TwoFAAuthen" name="VerifyEnable2FASuccessful" time="0.341"/>
  <testcase classname="TestCase.SSO.TwoFAAuthen" name="VerifyEnable2WithSessionRevoked" time="0.094"/>
  <testcase classname="TestCase.SSO.TwoFAAuthen" name="VerifyLogin2FA" time="31.506"/>
  <testcase classname="TestCase.SSO.TwoFAAuthen" name="VerifyLogin2FAWithInvalidData" time="0.078"/>
  <testcase classname="TestCase.SSO.TwoFAAuthen" name="VerifyLogin2FAWithInvalidData" time="0.076"/>
  <testcase classname="TestCase.SSO.TwoFAAuthen" name="VerifyLogin2FAWithInvalidData" time="0.099"/>
  <testcase classname="TestCase.SSO.TwoFAAuthen" name="VerifyLogin2FAWithInvalidData" time="0.088"/>
  <testcase classname="TestCase.SSO.TwoFAAuthen" name="VerifyDisable2FASuccessful" time="31.456"/>
  <testcase classname="TestCase.SSO.TwoFAAuthen" name="VerifyEnable2FAWithInvalidData" time="3.674"/>
  <testcase classname="TestCase.SSO.TwoFAAuthen" name="VerifyEnable2FAWithInvalidData" time="4.243"/>
  <testcase classname="TestCase.SSO.TwoFAAuthen" name="VerifyEnable2FAWithInvalidData" time="3.325"/>
  <testcase classname="TestCase.SSO.TwoFAAuthen" name="VerifyDisable2FAHadnotEnabledYet" time="1.528"/>
  <testcase classname="TestCase.SSO.TwoFAAuthen" name="VerifyDisable2FAWithSessionRevoked" time="2.471"/>
  <testcase classname="TestCase.SSO.TwoFAAuthen" name="VerifyDisable2FAWithInvalidInfor" time="66.673"/>
  <testcase classname="TestCase.SSO.TwoFAAuthen" name="VerifyDisable2FAWithInvalidInfor" time="65.801"/>
  <testcase classname="TestCase.SSO.TwoFAAuthen" name="VerifyDisable2FAWithInvalidInfor" time="66.149"/>
  <testcase classname="TestCase.SSO.TwoFAAuthen" name="VerifyDisable2FAWithInvalidInfor" time="66.097"/>
  <testcase classname="TestCase.SSO.TwoFAAuthen" name="VerifyDisable2FAWithInvalidInfor" time="65.71"/>
  <testcase classname="TestCase.SSO.TwoFAAuthen" name="LoginBackUpSucessful" time="3.802"/>
</testsuite> <!-- SSO -->
