<?xml version="1.0" encoding="UTF-8"?>
<testsuite xmlns:xsi="http://www.w3.org/2001/XMLSchema-instance" xsi:noNamespaceSchemaLocation="https://maven.apache.org/surefire/maven-surefire-plugin/xsd/surefire-test-report.xsd" name="TestSuite" time="424.471" tests="42" errors="0" skipped="0" failures="0">
  <properties>
[...]
</properties>
  <testcase name="VerifyRegisterWithInvalidInfor" classname="TestCase.SSO.RegisterAndLogin" time="1.41"/>
  <testcase name="VerifyRegisterWithInvalidInfor" classname="TestCase.SSO.RegisterAndLogin" time="0.501"/>
  <testcase name="VerifyRegisterWithInvalidInfor" classname="TestCase.SSO.RegisterAndLogin" time="0.606"/>
  <testcase name="VerifyRegisterWithInvalidInfor" classname="TestCase.SSO.RegisterAndLogin" time="0.615"/>
  <testcase name="VerifyRegisterWithInvalidInfor" classname="TestCase.SSO.RegisterAndLogin" time="0.096"/>
  <testcase name="VerifyRegisterWithInvalidInfor" classname="TestCase.SSO.RegisterAndLogin" time="0.094"/>
  <testcase name="VerifyRegisterWithInvalidInfor" classname="TestCase.SSO.RegisterAndLogin" time="0.083"/>
  <testcase name="VerifyRegisterWithInvalidInfor" classname="TestCase.SSO.RegisterAndLogin" time="0.109"/>
  <testcase name="VerifyRegisterWithInvalidInfor" classname="TestCase.SSO.RegisterAndLogin" time="0.297"/>
  <testcase name="VerifyRegisterSuccessful" classname="TestCase.SSO.RegisterAndLogin" time="0.585"/>
  <testcase name="VerifyLoginWithoutActiveEmail" classname="TestCase.SSO.RegisterAndLogin" time="0.317"/>
  <testcase name="VerifyConfirmEmailFail" classname="TestCase.SSO.RegisterAndLogin" time="0.103"/>
  <testcase name="VerifyConfirmEmailFail" classname="TestCase.SSO.RegisterAndLogin" time="0.088"/>
  <testcase name="VerifyConfirmSuccessful" classname="TestCase.SSO.RegisterAndLogin" time="0.118"/>
  <testcase name="VerifyLoginByEmailOrUsername" classname="TestCase.SSO.RegisterAndLogin" time="0.324"/>
  <testcase name="VerifyLoginByEmailOrUsername" classname="TestCase.SSO.RegisterAndLogin" time="0.321"/>
  <testcase name="VerifyLoginByInvalidAccount" classname="TestCase.SSO.RegisterAndLogin" time="0.088"/>
  <testcase name="VerifyLoginByInvalidAccount" classname="TestCase.SSO.RegisterAndLogin" time="0.306"/>
  <testcase name="VerifyLoginByInvalidAccount" classname="TestCase.SSO.RegisterAndLogin" time="0.293"/>
  <testcase name="VerifyLoginByInvalidAccount" classname="TestCase.SSO.RegisterAndLogin" time="0.082"/>
  <testcase name="VerifyLoginAfterConfirmEmail" classname="TestCase.SSO.RegisterAndLogin" time="0.353"/>
  <testcase name="Generate2FAWithoutToken" classname="TestCase.SSO.TwoFAAuthen" time="0.083"/>
  <testcase name="Generate2FASuccessful" classname="TestCase.SSO.TwoFAAuthen" time="2.808"/>
  <testcase name="VerifyEnable2FASuccessful" classname="TestCase.SSO.TwoFAAuthen" time="0.342"/>
  <testcase name="VerifyEnable2WithSessionRevoked" classname="TestCase.SSO.TwoFAAuthen" time="0.094"/>
  <testcase name="VerifyLogin2FA" classname="TestCase.SSO.TwoFAAuthen" time="31.505"/>
  <testcase name="VerifyLogin2FAWithInvalidData" classname="TestCase.SSO.TwoFAAuthen" time="0.078"/>
  <testcase name="VerifyLogin2FAWithInvalidData" classname="TestCase.SSO.TwoFAAuthen" time="0.075"/>
  <testcase name="VerifyLogin2FAWithInvalidData" classname="TestCase.SSO.TwoFAAuthen" time="0.099"/>
  <testcase name="VerifyLogin2FAWithInvalidData" classname="TestCase.SSO.TwoFAAuthen" time="0.089"/>
  <testcase name="VerifyDisable2FASuccessful" classname="TestCase.SSO.TwoFAAuthen" time="31.456"/>
  <testcase name="VerifyEnable2FAWithInvalidData" classname="TestCase.SSO.TwoFAAuthen" time="3.674"/>
  <testcase name="VerifyEnable2FAWithInvalidData" classname="TestCase.SSO.TwoFAAuthen" time="4.243"/>
  <testcase name="VerifyEnable2FAWithInvalidData" classname="TestCase.SSO.TwoFAAuthen" time="3.326"/>
  <testcase name="VerifyDisable2FAHadnotEnabledYet" classname="TestCase.SSO.TwoFAAuthen" time="1.528"/>
  <testcase name="VerifyDisable2FAWithSessionRevoked" classname="TestCase.SSO.TwoFAAuthen" time="2.472"/>
  <testcase name="VerifyDisable2FAWithInvalidInfor" classname="TestCase.SSO.TwoFAAuthen" time="66.673"/>
  <testcase name="VerifyDisable2FAWithInvalidInfor" classname="TestCase.SSO.TwoFAAuthen" time="65.802"/>
  <testcase name="VerifyDisable2FAWithInvalidInfor" classname="TestCase.SSO.TwoFAAuthen" time="66.149"/>
  <testcase name="VerifyDisable2FAWithInvalidInfor" classname="TestCase.SSO.TwoFAAuthen" time="66.098"/>
  <testcase name="VerifyDisable2FAWithInvalidInfor" classname="TestCase.SSO.TwoFAAuthen" time="65.711"/>
  <testcase name="LoginBackUpSucessful" classname="TestCase.SSO.TwoFAAuthen" time="3.802"/>
</testsuite>